#
# A fatal error has been detected by the Java Runtime Environment:
#
#  Internal Error (classFileParser.cpp:3494), pid=20032, tid=139855657522944
#  Error: ShouldNotReachHere()
#
# JRE version: 6.0_45-b06
# Java VM: Java HotSpot(TM) 64-Bit Server VM (20.45-b01 mixed mode linux-amd64 compressed oops)
# If you would like to submit a bug report, please visit:
#   http://java.sun.com/webapps/bugreport/crash.jsp
#

---------------  T H R E A D  ---------------

Current thread (0x00007f32a8007800):  JavaThread "Unknown thread" [_thread_in_vm, id=20034, stack(0x00007f32aeb95000,0x00007f32aec96000)]

Stack: [0x00007f32aeb95000,0x00007f32aec96000],  sp=0x00007f32aec94180,  free space=1020k
Native frames: (J=compiled Java code, j=interpreted, Vv=VM code, C=native code)
V  [libjvm.so+0x861e05]  VMError::report_and_die()+0x265
V  [libjvm.so+0x3e5ed6]  report_should_not_reach_here(char const*, int)+0x46
V  [libjvm.so+0x36f26b]  ClassFileParser::parseClassFile(symbolHandle, Handle, Handle, KlassHandle, GrowableArray<Handle>*, symbolHandle&, bool, Thread*)+0x2b8b
V  [libjvm.so+0x3756ff]  ClassLoader::load_classfile(symbolHandle, Thread*)+0x22f
V  [libjvm.so+0x7eebff]  SystemDictionary::load_instance_class(symbolHandle, Handle, Thread*)+0xef
V  [libjvm.so+0x7ecbe5]  SystemDictionary::resolve_instance_class_or_null(symbolHandle, Handle, Handle, Thread*)+0x575
V  [libjvm.so+0x7eb971]  SystemDictionary::resolve_or_null(symbolHandle, Handle, Handle, Thread*)+0x81
V  [libjvm.so+0x7eb584]  SystemDictionary::resolve_or_fail(symbolHandle, Handle, Handle, bool, Thread*)+0x34
V  [libjvm.so+0x7f0400]  SystemDictionary::initialize_wk_klass(SystemDictionary::WKID, int, Thread*)+0x70
V  [libjvm.so+0x7f0495]  SystemDictionary::initialize_wk_klasses_until(SystemDictionary::WKID, SystemDictionary::WKID&, Thread*)+0x45
V  [libjvm.so+0x7f0575]  SystemDictionary::initialize_preloaded_classes(Thread*)+0x75
V  [libjvm.so+0x7f0328]  SystemDictionary::initialize(Thread*)+0xd8
V  [libjvm.so+0x837cf8]  Universe::genesis(Thread*)+0x598
V  [libjvm.so+0x839c29]  universe2_init()+0x29
V  [libjvm.so+0x4ae42c]  init_globals()+0x8c
V  [libjvm.so+0x820014]  Threads::create_vm(JavaVMInitArgs*, bool*)+0x214
V  [libjvm.so+0x51c800]  JNI_CreateJavaVM+0x80


---------------  P R O C E S S  ---------------

Java Threads: ( => current thread )

Other Threads:

=>0x00007f32a8007800 (exited) JavaThread "Unknown thread" [_thread_in_vm, id=20034, stack(0x00007f32aeb95000,0x00007f32aec96000)]

VM state:not at safepoint (not fully initialized)

VM Mutex/Monitor currently owned by a thread: None

Dynamic libraries:
40000000-40009000 r-xp 00000000 08:06 3416083                            /usr/lib/jvm/java-6-oracle/bin/java
40108000-4010a000 rwxp 00008000 08:06 3416083                            /usr/lib/jvm/java-6-oracle/bin/java
41b1b000-41b3c000 rwxp 00000000 00:00 0                                  [heap]
77f800000-780cc0000 rwxp 00000000 00:00 0 
780cc0000-784a00000 rwxp 00000000 00:00 0 
784a00000-789c40000 rwxp 00000000 00:00 0 
789c40000-7d6e00000 rwxp 00000000 00:00 0 
7d6e00000-7d9720000 rwxp 00000000 00:00 0 
7d9720000-800000000 rwxp 00000000 00:00 0 
7f3290000000-7f3290021000 rwxp 00000000 00:00 0 
7f3290021000-7f3294000000 ---p 00000000 00:00 0 
7f3298000000-7f3298021000 rwxp 00000000 00:00 0 
7f3298021000-7f329c000000 ---p 00000000 00:00 0 
7f329c000000-7f329c021000 rwxp 00000000 00:00 0 
7f329c021000-7f32a0000000 ---p 00000000 00:00 0 
7f32a0000000-7f32a0021000 rwxp 00000000 00:00 0 
7f32a0021000-7f32a4000000 ---p 00000000 00:00 0 
7f32a5000000-7f32a5270000 rwxp 00000000 00:00 0 
7f32a5270000-7f32a8083000 rwxp 00000000 00:00 0 
7f32a8083000-7f32ac000000 ---p 00000000 00:00 0 
7f32ad23b000-7f32ad313000 r-xs 0137c000 08:06 789397                     /home/ubuntu/android-sdk-linux/platforms/android-20/android.jar
7f32ad313000-7f32ad33b000 rwxp 00000000 00:00 0 
7f32ad33b000-7f32ad33c000 ---p 00000000 00:00 0 
7f32ad33c000-7f32ad43c000 rwxp 00000000 00:00 0                          [stack:20038]
7f32ad43c000-7f32ad43d000 ---p 00000000 00:00 0 
7f32ad43d000-7f32ad53d000 rwxp 00000000 00:00 0                          [stack:20037]
7f32ad53d000-7f32ad53e000 ---p 00000000 00:00 0 
7f32ad53e000-7f32ad63e000 rwxp 00000000 00:00 0                          [stack:20036]
7f32ad63e000-7f32ad63f000 ---p 00000000 00:00 0 
7f32ad63f000-7f32ad74a000 rwxp 00000000 00:00 0                          [stack:20035]
7f32ad74a000-7f32ad768000 rwxp 00000000 00:00 0 
7f32ad768000-7f32ad792000 rwxp 00000000 00:00 0 
7f32ad792000-7f32ad9fa000 rwxp 00000000 00:00 0 
7f32ad9fa000-7f32ada05000 rwxp 00000000 00:00 0 
7f32ada05000-7f32ada23000 rwxp 00000000 00:00 0 
7f32ada23000-7f32ada4d000 rwxp 00000000 00:00 0 
7f32ada4d000-7f32adcb5000 rwxp 00000000 00:00 0 
7f32adcb5000-7f32adcca000 rwxp 00000000 00:00 0 
7f32adcca000-7f32addfe000 rwxp 00000000 00:00 0 
7f32addfe000-7f32addff000 rwxp 00000000 00:00 0 
7f32addff000-7f32ade0d000 r-xp 00000000 08:06 3415995                    /usr/lib/jvm/java-6-oracle/jre/lib/amd64/libzip.so
7f32ade0d000-7f32adf0f000 ---p 0000e000 08:06 3415995                    /usr/lib/jvm/java-6-oracle/jre/lib/amd64/libzip.so
7f32adf0f000-7f32adf12000 rwxp 00010000 08:06 3415995                    /usr/lib/jvm/java-6-oracle/jre/lib/amd64/libzip.so
7f32adf12000-7f32adf13000 rwxp 00000000 00:00 0 
7f32adf13000-7f32adf1e000 r-xp 00000000 08:06 6029615                    /lib/x86_64-linux-gnu/libnss_files-2.19.so
7f32adf1e000-7f32ae11d000 ---p 0000b000 08:06 6029615                    /lib/x86_64-linux-gnu/libnss_files-2.19.so
7f32ae11d000-7f32ae11e000 r-xp 0000a000 08:06 6029615                    /lib/x86_64-linux-gnu/libnss_files-2.19.so
7f32ae11e000-7f32ae11f000 rwxp 0000b000 08:06 6029615                    /lib/x86_64-linux-gnu/libnss_files-2.19.so
7f32ae11f000-7f32ae12a000 r-xp 00000000 08:06 6029616                    /lib/x86_64-linux-gnu/libnss_nis-2.19.so
7f32ae12a000-7f32ae329000 ---p 0000b000 08:06 6029616                    /lib/x86_64-linux-gnu/libnss_nis-2.19.so
7f32ae329000-7f32ae32a000 r-xp 0000a000 08:06 6029616                    /lib/x86_64-linux-gnu/libnss_nis-2.19.so
7f32ae32a000-7f32ae32b000 rwxp 0000b000 08:06 6029616                    /lib/x86_64-linux-gnu/libnss_nis-2.19.so
7f32ae32b000-7f32ae334000 r-xp 00000000 08:06 6029599                    /lib/x86_64-linux-gnu/libnss_compat-2.19.so
7f32ae334000-7f32ae533000 ---p 00009000 08:06 6029599                    /lib/x86_64-linux-gnu/libnss_compat-2.19.so
7f32ae533000-7f32ae534000 r-xp 00008000 08:06 6029599                    /lib/x86_64-linux-gnu/libnss_compat-2.19.so
7f32ae534000-7f32ae535000 rwxp 00009000 08:06 6029599                    /lib/x86_64-linux-gnu/libnss_compat-2.19.so
7f32ae535000-7f32ae54c000 r-xp 00000000 08:06 6029602                    /lib/x86_64-linux-gnu/libnsl-2.19.so
7f32ae54c000-7f32ae74b000 ---p 00017000 08:06 6029602                    /lib/x86_64-linux-gnu/libnsl-2.19.so
7f32ae74b000-7f32ae74c000 r-xp 00016000 08:06 6029602                    /lib/x86_64-linux-gnu/libnsl-2.19.so
7f32ae74c000-7f32ae74d000 rwxp 00017000 08:06 6029602                    /lib/x86_64-linux-gnu/libnsl-2.19.so
7f32ae74d000-7f32ae74f000 rwxp 00000000 00:00 0 
7f32ae74f000-7f32ae778000 r-xp 00000000 08:06 3415993                    /usr/lib/jvm/java-6-oracle/jre/lib/amd64/libjava.so
7f32ae778000-7f32ae877000 ---p 00029000 08:06 3415993                    /usr/lib/jvm/java-6-oracle/jre/lib/amd64/libjava.so
7f32ae877000-7f32ae87e000 rwxp 00028000 08:06 3415993                    /usr/lib/jvm/java-6-oracle/jre/lib/amd64/libjava.so
7f32ae87e000-7f32ae88b000 r-xp 00000000 08:06 3416011                    /usr/lib/jvm/java-6-oracle/jre/lib/amd64/libverify.so
7f32ae88b000-7f32ae98a000 ---p 0000d000 08:06 3416011                    /usr/lib/jvm/java-6-oracle/jre/lib/amd64/libverify.so
7f32ae98a000-7f32ae98d000 rwxp 0000c000 08:06 3416011                    /usr/lib/jvm/java-6-oracle/jre/lib/amd64/libverify.so
7f32ae98d000-7f32ae994000 r-xp 00000000 08:06 6029604                    /lib/x86_64-linux-gnu/librt-2.19.so
7f32ae994000-7f32aeb93000 ---p 00007000 08:06 6029604                    /lib/x86_64-linux-gnu/librt-2.19.so
7f32aeb93000-7f32aeb94000 r-xp 00006000 08:06 6029604                    /lib/x86_64-linux-gnu/librt-2.19.so
7f32aeb94000-7f32aeb95000 rwxp 00007000 08:06 6029604                    /lib/x86_64-linux-gnu/librt-2.19.so
7f32aeb95000-7f32aeb98000 ---p 00000000 00:00 0 
7f32aeb98000-7f32aec96000 rwxp 00000000 00:00 0                          [stack:20034]
7f32aec96000-7f32aed9b000 r-xp 00000000 08:06 6029611                    /lib/x86_64-linux-gnu/libm-2.19.so
7f32aed9b000-7f32aef9a000 ---p 00105000 08:06 6029611                    /lib/x86_64-linux-gnu/libm-2.19.so
7f32aef9a000-7f32aef9b000 r-xp 00104000 08:06 6029611                    /lib/x86_64-linux-gnu/libm-2.19.so
7f32aef9b000-7f32aef9c000 rwxp 00105000 08:06 6029611                    /lib/x86_64-linux-gnu/libm-2.19.so
7f32aef9c000-7f32af8ba000 r-xp 00000000 08:06 3416028                    /usr/lib/jvm/java-6-oracle/jre/lib/amd64/server/libjvm.so
7f32af8ba000-7f32af9bc000 ---p 0091e000 08:06 3416028                    /usr/lib/jvm/java-6-oracle/jre/lib/amd64/server/libjvm.so
7f32af9bc000-7f32afb72000 rwxp 00920000 08:06 3416028                    /usr/lib/jvm/java-6-oracle/jre/lib/amd64/server/libjvm.so
7f32afb72000-7f32afbac000 rwxp 00000000 00:00 0 
7f32afbac000-7f32afd67000 r-xp 00000000 08:06 6029608                    /lib/x86_64-linux-gnu/libc-2.19.so
7f32afd67000-7f32aff67000 ---p 001bb000 08:06 6029608                    /lib/x86_64-linux-gnu/libc-2.19.so
7f32aff67000-7f32aff6b000 r-xp 001bb000 08:06 6029608                    /lib/x86_64-linux-gnu/libc-2.19.so
7f32aff6b000-7f32aff6d000 rwxp 001bf000 08:06 6029608                    /lib/x86_64-linux-gnu/libc-2.19.so
7f32aff6d000-7f32aff72000 rwxp 00000000 00:00 0 
7f32aff72000-7f32aff75000 r-xp 00000000 08:06 6029620                    /lib/x86_64-linux-gnu/libdl-2.19.so
7f32aff75000-7f32b0174000 ---p 00003000 08:06 6029620                    /lib/x86_64-linux-gnu/libdl-2.19.so
7f32b0174000-7f32b0175000 r-xp 00002000 08:06 6029620                    /lib/x86_64-linux-gnu/libdl-2.19.so
7f32b0175000-7f32b0176000 rwxp 00003000 08:06 6029620                    /lib/x86_64-linux-gnu/libdl-2.19.so
7f32b0176000-7f32b018f000 r-xp 00000000 08:06 6029621                    /lib/x86_64-linux-gnu/libpthread-2.19.so
7f32b018f000-7f32b038e000 ---p 00019000 08:06 6029621                    /lib/x86_64-linux-gnu/libpthread-2.19.so
7f32b038e000-7f32b038f000 r-xp 00018000 08:06 6029621                    /lib/x86_64-linux-gnu/libpthread-2.19.so
7f32b038f000-7f32b0390000 rwxp 00019000 08:06 6029621                    /lib/x86_64-linux-gnu/libpthread-2.19.so
7f32b0390000-7f32b0394000 rwxp 00000000 00:00 0 
7f32b0394000-7f32b03b7000 r-xp 00000000 08:06 6029609                    /lib/x86_64-linux-gnu/ld-2.19.so
7f32b03cb000-7f32b03d5000 rwxp 00000000 00:00 0 
7f32b03d5000-7f32b048b000 rwxp 00000000 00:00 0 
7f32b048b000-7f32b048e000 rwxp 00000000 00:00 0 
7f32b048e000-7f32b0495000 r-xp 00000000 08:06 3416004                    /usr/lib/jvm/java-6-oracle/jre/lib/amd64/jli/libjli.so
7f32b0495000-7f32b0596000 ---p 00007000 08:06 3416004                    /usr/lib/jvm/java-6-oracle/jre/lib/amd64/jli/libjli.so
7f32b0596000-7f32b0598000 rwxp 00008000 08:06 3416004                    /usr/lib/jvm/java-6-oracle/jre/lib/amd64/jli/libjli.so
7f32b0598000-7f32b0599000 rwxp 00000000 00:00 0 
7f32b05aa000-7f32b05b2000 rwxs 00000000 08:06 4718623                    /tmp/hsperfdata_ubuntu/20032
7f32b05b2000-7f32b05b3000 rwxp 00000000 00:00 0 
7f32b05b3000-7f32b05b4000 r-xp 00000000 00:00 0 
7f32b05b4000-7f32b05b6000 rwxp 00000000 00:00 0 
7f32b05b6000-7f32b05b7000 r-xp 00022000 08:06 6029609                    /lib/x86_64-linux-gnu/ld-2.19.so
7f32b05b7000-7f32b05b8000 rwxp 00023000 08:06 6029609                    /lib/x86_64-linux-gnu/ld-2.19.so
7f32b05b8000-7f32b05b9000 rwxp 00000000 00:00 0 
7fffa9cf8000-7fffa9d19000 rwxp 00000000 00:00 0                          [stack]
7fffa9dfe000-7fffa9e00000 r-xp 00000000 00:00 0                          [vdso]
ffffffffff600000-ffffffffff601000 r-xp 00000000 00:00 0                  [vsyscall]

VM Arguments:
jvm_args: -Dfile.encoding=UTF-8 -Xbootclasspath:/home/ubuntu/android-sdk-linux/platforms/android-20/android.jar 
java_command: kr.ac.gachon.clo.test.TestClass
Launcher Type: SUN_STANDARD

Environment Variables:
JAVA_HOME=/usr/lib/jvm/java-6-oracle
PATH=/home/ubuntu/android-ndk-r10:/home/ubuntu/android-sdk-linux/platform-tools:/home/ubuntu/git/depot_tools:/home/ubuntu/bin:/usr/local/sbin:/usr/local/bin:/usr/sbin:/usr/bin:/sbin:/bin:/usr/games:/usr/local/games
LD_LIBRARY_PATH=/usr/lib/jvm/java-6-oracle/jre/lib/amd64/server:/usr/lib/jvm/java-6-oracle/jre/lib/amd64:/usr/lib/jvm/java-6-oracle/jre/../lib/amd64
SHELL=/bin/bash
DISPLAY=:0

Signal Handlers:
SIGSEGV: [libjvm.so+0x862a30], sa_mask[0]=0x7ffbfeff, sa_flags=0x10000004
SIGBUS: [libjvm.so+0x862a30], sa_mask[0]=0x7ffbfeff, sa_flags=0x10000004
SIGFPE: [libjvm.so+0x7106f0], sa_mask[0]=0x7ffbfeff, sa_flags=0x10000004
SIGPIPE: [libjvm.so+0x7106f0], sa_mask[0]=0x7ffbfeff, sa_flags=0x10000004
SIGXFSZ: [libjvm.so+0x7106f0], sa_mask[0]=0x7ffbfeff, sa_flags=0x10000004
SIGILL: [libjvm.so+0x7106f0], sa_mask[0]=0x7ffbfeff, sa_flags=0x10000004
SIGUSR1: SIG_DFL, sa_mask[0]=0x00000000, sa_flags=0x00000000
SIGUSR2: [libjvm.so+0x713520], sa_mask[0]=0x00000004, sa_flags=0x10000004
SIGHUP: SIG_DFL, sa_mask[0]=0x00000000, sa_flags=0x00000000
SIGINT: SIG_DFL, sa_mask[0]=0x00000000, sa_flags=0x00000000
SIGTERM: SIG_DFL, sa_mask[0]=0x00000000, sa_flags=0x00000000
SIGQUIT: SIG_DFL, sa_mask[0]=0x00000000, sa_flags=0x00000000


---------------  S Y S T E M  ---------------

OS:jessie/sid

uname:Linux 3.13.0-35-generic #62-Ubuntu SMP Fri Aug 15 01:58:42 UTC 2014 x86_64
libc:glibc 2.19 NPTL 2.19 
rlimit: STACK 8192k, CORE 0k, NPROC 62977, NOFILE 4096, AS infinity
load average:0.72 0.19 0.10

/proc/meminfo:
MemTotal:        8082752 kB
MemFree:         3495272 kB
Buffers:          654904 kB
Cached:          1755100 kB
SwapCached:            0 kB
Active:          2668808 kB
Inactive:        1422644 kB
Active(anon):    1683904 kB
Inactive(anon):   220092 kB
Active(file):     984904 kB
Inactive(file):  1202552 kB
Unevictable:          32 kB
Mlocked:              32 kB
SwapTotal:       8292348 kB
SwapFree:        8292348 kB
Dirty:               144 kB
Writeback:             0 kB
AnonPages:       1681324 kB
Mapped:           201112 kB
Shmem:            222480 kB
Slab:             376704 kB
SReclaimable:     343656 kB
SUnreclaim:        33048 kB
KernelStack:        3784 kB
PageTables:        29116 kB
NFS_Unstable:          0 kB
Bounce:                0 kB
WritebackTmp:          0 kB
CommitLimit:    12333724 kB
Committed_AS:    4484000 kB
VmallocTotal:   34359738367 kB
VmallocUsed:      356536 kB
VmallocChunk:   34359362940 kB
HardwareCorrupted:     0 kB
AnonHugePages:   1130496 kB
HugePages_Total:       0
HugePages_Free:        0
HugePages_Rsvd:        0
HugePages_Surp:        0
Hugepagesize:       2048 kB
DirectMap4k:       84648 kB
DirectMap2M:     8210432 kB


CPU:total 4 (2 cores per cpu, 2 threads per core) family 6 model 42 stepping 7, cmov, cx8, fxsr, mmx, sse, sse2, sse3, ssse3, sse4.1, sse4.2, popcnt, ht

/proc/cpuinfo:
processor	: 0
vendor_id	: GenuineIntel
cpu family	: 6
model		: 42
model name	: Intel(R) Core(TM) i5-2430M CPU @ 2.40GHz
stepping	: 7
microcode	: 0x1a
cpu MHz		: 2401.000
cache size	: 3072 KB
physical id	: 0
siblings	: 4
core id		: 0
cpu cores	: 2
apicid		: 0
initial apicid	: 0
fpu		: yes
fpu_exception	: yes
cpuid level	: 13
wp		: yes
flags		: fpu vme de pse tsc msr pae mce cx8 apic sep mtrr pge mca cmov pat pse36 clflush dts acpi mmx fxsr sse sse2 ss ht tm pbe syscall nx rdtscp lm constant_tsc arch_perfmon pebs bts rep_good nopl xtopology nonstop_tsc aperfmperf eagerfpu pni pclmulqdq dtes64 monitor ds_cpl vmx est tm2 ssse3 cx16 xtpr pdcm pcid sse4_1 sse4_2 x2apic popcnt tsc_deadline_timer aes xsave avx lahf_lm ida arat epb xsaveopt pln pts dtherm tpr_shadow vnmi flexpriority ept vpid
bogomips	: 4789.11
clflush size	: 64
cache_alignment	: 64
address sizes	: 36 bits physical, 48 bits virtual
power management:

processor	: 1
vendor_id	: GenuineIntel
cpu family	: 6
model		: 42
model name	: Intel(R) Core(TM) i5-2430M CPU @ 2.40GHz
stepping	: 7
microcode	: 0x1a
cpu MHz		: 2401.000
cache size	: 3072 KB
physical id	: 0
siblings	: 4
core id		: 1
cpu cores	: 2
apicid		: 2
initial apicid	: 2
fpu		: yes
fpu_exception	: yes
cpuid level	: 13
wp		: yes
flags		: fpu vme de pse tsc msr pae mce cx8 apic sep mtrr pge mca cmov pat pse36 clflush dts acpi mmx fxsr sse sse2 ss ht tm pbe syscall nx rdtscp lm constant_tsc arch_perfmon pebs bts rep_good nopl xtopology nonstop_tsc aperfmperf eagerfpu pni pclmulqdq dtes64 monitor ds_cpl vmx est tm2 ssse3 cx16 xtpr pdcm pcid sse4_1 sse4_2 x2apic popcnt tsc_deadline_timer aes xsave avx lahf_lm ida arat epb xsaveopt pln pts dtherm tpr_shadow vnmi flexpriority ept vpid
bogomips	: 4789.11
clflush size	: 64
cache_alignment	: 64
address sizes	: 36 bits physical, 48 bits virtual
power management:

processor	: 2
vendor_id	: GenuineIntel
cpu family	: 6
model		: 42
model name	: Intel(R) Core(TM) i5-2430M CPU @ 2.40GHz
stepping	: 7
microcode	: 0x1a
cpu MHz		: 2401.000
cache size	: 3072 KB
physical id	: 0
siblings	: 4
core id		: 0
cpu cores	: 2
apicid		: 1
initial apicid	: 1
fpu		: yes
fpu_exception	: yes
cpuid level	: 13
wp		: yes
flags		: fpu vme de pse tsc msr pae mce cx8 apic sep mtrr pge mca cmov pat pse36 clflush dts acpi mmx fxsr sse sse2 ss ht tm pbe syscall nx rdtscp lm constant_tsc arch_perfmon pebs bts rep_good nopl xtopology nonstop_tsc aperfmperf eagerfpu pni pclmulqdq dtes64 monitor ds_cpl vmx est tm2 ssse3 cx16 xtpr pdcm pcid sse4_1 sse4_2 x2apic popcnt tsc_deadline_timer aes xsave avx lahf_lm ida arat epb xsaveopt pln pts dtherm tpr_shadow vnmi flexpriority ept vpid
bogomips	: 4789.11
clflush size	: 64
cache_alignment	: 64
address sizes	: 36 bits physical, 48 bits virtual
power management:

processor	: 3
vendor_id	: GenuineIntel
cpu family	: 6
model		: 42
model name	: Intel(R) Core(TM) i5-2430M CPU @ 2.40GHz
stepping	: 7
microcode	: 0x1a
cpu MHz		: 2401.000
cache size	: 3072 KB
physical id	: 0
siblings	: 4
core id		: 1
cpu cores	: 2
apicid		: 3
initial apicid	: 3
fpu		: yes
fpu_exception	: yes
cpuid level	: 13
wp		: yes
flags		: fpu vme de pse tsc msr pae mce cx8 apic sep mtrr pge mca cmov pat pse36 clflush dts acpi mmx fxsr sse sse2 ss ht tm pbe syscall nx rdtscp lm constant_tsc arch_perfmon pebs bts rep_good nopl xtopology nonstop_tsc aperfmperf eagerfpu pni pclmulqdq dtes64 monitor ds_cpl vmx est tm2 ssse3 cx16 xtpr pdcm pcid sse4_1 sse4_2 x2apic popcnt tsc_deadline_timer aes xsave avx lahf_lm ida arat epb xsaveopt pln pts dtherm tpr_shadow vnmi flexpriority ept vpid
bogomips	: 4789.11
clflush size	: 64
cache_alignment	: 64
address sizes	: 36 bits physical, 48 bits virtual
power management:



Memory: 4k page, physical 8082752k(3495272k free), swap 8292348k(8292348k free)

vm_info: Java HotSpot(TM) 64-Bit Server VM (20.45-b01) for linux-amd64 JRE (1.6.0_45-b06), built on Mar 26 2013 14:07:02 by "java_re" with gcc 3.2.2 (SuSE Linux)

time: Mon Sep 29 01:38:49 2014
elapsed time: 0 seconds

